[2025-06-14T17:54:42.679+0000] {taskinstance.py:1159} INFO - Dependencies all met for dep_context=non-requeueable deps ti=<TaskInstance: etl_reddit_pipeline.reddit_extraction manual__2025-06-14T17:54:41.064707+00:00 [queued]>
[2025-06-14T17:54:42.682+0000] {taskinstance.py:1159} INFO - Dependencies all met for dep_context=requeueable deps ti=<TaskInstance: etl_reddit_pipeline.reddit_extraction manual__2025-06-14T17:54:41.064707+00:00 [queued]>
[2025-06-14T17:54:42.682+0000] {taskinstance.py:1361} INFO - Starting attempt 1 of 1
[2025-06-14T17:54:42.686+0000] {taskinstance.py:1382} INFO - Executing <Task(PythonOperator): reddit_extraction> on 2025-06-14 17:54:41.064707+00:00
[2025-06-14T17:54:42.689+0000] {standard_task_runner.py:57} INFO - Started process 69 to run task
[2025-06-14T17:54:42.691+0000] {standard_task_runner.py:84} INFO - Running: ['airflow', 'tasks', 'run', 'etl_reddit_pipeline', 'reddit_extraction', 'manual__2025-06-14T17:54:41.064707+00:00', '--job-id', '5', '--raw', '--subdir', 'DAGS_FOLDER/reddit_dag.py', '--cfg-path', '/tmp/tmpy6pfh5vt']
[2025-06-14T17:54:42.693+0000] {standard_task_runner.py:85} INFO - Job 5: Subtask reddit_extraction
[2025-06-14T17:54:42.716+0000] {task_command.py:416} INFO - Running <TaskInstance: etl_reddit_pipeline.reddit_extraction manual__2025-06-14T17:54:41.064707+00:00 [running]> on host 17017c3741e5
[2025-06-14T17:54:42.745+0000] {taskinstance.py:1662} INFO - Exporting env vars: AIRFLOW_CTX_DAG_OWNER='Tejaswini CN' AIRFLOW_CTX_DAG_ID='etl_reddit_pipeline' AIRFLOW_CTX_TASK_ID='reddit_extraction' AIRFLOW_CTX_EXECUTION_DATE='2025-06-14T17:54:41.064707+00:00' AIRFLOW_CTX_TRY_NUMBER='1' AIRFLOW_CTX_DAG_RUN_ID='manual__2025-06-14T17:54:41.064707+00:00'
[2025-06-14T17:54:42.885+0000] {logging_mixin.py:151} WARNING - Version 7.7.1 of praw is outdated. Version 7.8.1 was released Friday October 25, 2024.
[2025-06-14T17:54:42.885+0000] {logging_mixin.py:151} INFO - connected to reddit!
[2025-06-14T17:54:43.568+0000] {taskinstance.py:1937} ERROR - Task failed with exception
Traceback (most recent call last):
  File "/home/airflow/.local/lib/python3.9/site-packages/airflow/operators/python.py", line 192, in execute
    return_value = self.execute_callable()
  File "/home/airflow/.local/lib/python3.9/site-packages/airflow/operators/python.py", line 209, in execute_callable
    return self.python_callable(*self.op_args, **self.op_kwargs)
  File "/opt/airflow/pipelines/reddit_pipeline.py", line 10, in reddit_pipeline
    posts = extract_posts(instance, subreddit, time_filter, limit)
  File "/opt/airflow/etls/reddit_etl.py", line 31, in extract_posts
    post = {key: post_dict[key] for key in POST_FIELDS}
  File "/opt/airflow/etls/reddit_etl.py", line 31, in <dictcomp>
    post = {key: post_dict[key] for key in POST_FIELDS}
KeyError: 'self text'
[2025-06-14T17:54:43.583+0000] {taskinstance.py:1400} INFO - Marking task as FAILED. dag_id=etl_reddit_pipeline, task_id=reddit_extraction, execution_date=20250614T175441, start_date=20250614T175442, end_date=20250614T175443
[2025-06-14T17:54:43.595+0000] {standard_task_runner.py:104} ERROR - Failed to execute job 5 for task reddit_extraction ('self text'; 69)
[2025-06-14T17:54:43.615+0000] {local_task_job_runner.py:228} INFO - Task exited with return code 1
[2025-06-14T17:54:43.632+0000] {taskinstance.py:2778} INFO - 0 downstream tasks scheduled from follow-on schedule check
