[2025-06-14T03:22:24.845+0000] {taskinstance.py:1159} INFO - Dependencies all met for dep_context=non-requeueable deps ti=<TaskInstance: etl_reddit_pipeline.reddit_extraction scheduled__2025-06-13T00:00:00+00:00 [queued]>
[2025-06-14T03:22:24.848+0000] {taskinstance.py:1159} INFO - Dependencies all met for dep_context=requeueable deps ti=<TaskInstance: etl_reddit_pipeline.reddit_extraction scheduled__2025-06-13T00:00:00+00:00 [queued]>
[2025-06-14T03:22:24.848+0000] {taskinstance.py:1361} INFO - Starting attempt 1 of 1
[2025-06-14T03:22:24.852+0000] {taskinstance.py:1382} INFO - Executing <Task(PythonOperator): reddit_extraction> on 2025-06-13 00:00:00+00:00
[2025-06-14T03:22:24.855+0000] {standard_task_runner.py:57} INFO - Started process 50 to run task
[2025-06-14T03:22:24.856+0000] {standard_task_runner.py:84} INFO - Running: ['airflow', 'tasks', 'run', 'etl_reddit_pipeline', 'reddit_extraction', 'scheduled__2025-06-13T00:00:00+00:00', '--job-id', '2', '--raw', '--subdir', 'DAGS_FOLDER/reddit_dag.py', '--cfg-path', '/tmp/tmpk3igl8ou']
[2025-06-14T03:22:24.858+0000] {standard_task_runner.py:85} INFO - Job 2: Subtask reddit_extraction
[2025-06-14T03:22:24.880+0000] {task_command.py:416} INFO - Running <TaskInstance: etl_reddit_pipeline.reddit_extraction scheduled__2025-06-13T00:00:00+00:00 [running]> on host 17017c3741e5
[2025-06-14T03:22:25.029+0000] {taskinstance.py:1662} INFO - Exporting env vars: AIRFLOW_CTX_DAG_OWNER='Tejaswini CN' AIRFLOW_CTX_DAG_ID='etl_reddit_pipeline' AIRFLOW_CTX_TASK_ID='reddit_extraction' AIRFLOW_CTX_EXECUTION_DATE='2025-06-13T00:00:00+00:00' AIRFLOW_CTX_TRY_NUMBER='1' AIRFLOW_CTX_DAG_RUN_ID='scheduled__2025-06-13T00:00:00+00:00'
[2025-06-14T03:22:25.299+0000] {logging_mixin.py:151} WARNING - Version 7.7.1 of praw is outdated. Version 7.8.1 was released Friday October 25, 2024.
[2025-06-14T03:22:25.301+0000] {logging_mixin.py:151} INFO - connected to reddit!
[2025-06-14T03:22:26.100+0000] {python.py:194} INFO - Done. Returned value was: /opt/airflow/data/output/reddit_20250614.csv
[2025-06-14T03:22:26.116+0000] {taskinstance.py:1400} INFO - Marking task as SUCCESS. dag_id=etl_reddit_pipeline, task_id=reddit_extraction, execution_date=20250613T000000, start_date=20250614T032224, end_date=20250614T032226
[2025-06-14T03:22:26.140+0000] {local_task_job_runner.py:228} INFO - Task exited with return code 0
[2025-06-14T03:22:26.148+0000] {taskinstance.py:2778} INFO - 0 downstream tasks scheduled from follow-on schedule check
[2025-06-14T18:03:00.971+0000] {taskinstance.py:1159} INFO - Dependencies all met for dep_context=non-requeueable deps ti=<TaskInstance: etl_reddit_pipeline.reddit_extraction scheduled__2025-06-13T00:00:00+00:00 [queued]>
[2025-06-14T18:03:00.974+0000] {taskinstance.py:1159} INFO - Dependencies all met for dep_context=requeueable deps ti=<TaskInstance: etl_reddit_pipeline.reddit_extraction scheduled__2025-06-13T00:00:00+00:00 [queued]>
[2025-06-14T18:03:00.975+0000] {taskinstance.py:1361} INFO - Starting attempt 1 of 1
[2025-06-14T18:03:00.978+0000] {taskinstance.py:1382} INFO - Executing <Task(PythonOperator): reddit_extraction> on 2025-06-13 00:00:00+00:00
[2025-06-14T18:03:00.981+0000] {standard_task_runner.py:57} INFO - Started process 50 to run task
[2025-06-14T18:03:00.983+0000] {standard_task_runner.py:84} INFO - Running: ['airflow', 'tasks', 'run', 'etl_reddit_pipeline', 'reddit_extraction', 'scheduled__2025-06-13T00:00:00+00:00', '--job-id', '2', '--raw', '--subdir', 'DAGS_FOLDER/reddit_dag.py', '--cfg-path', '/tmp/tmpj_745p_i']
[2025-06-14T18:03:00.984+0000] {standard_task_runner.py:85} INFO - Job 2: Subtask reddit_extraction
[2025-06-14T18:03:01.004+0000] {task_command.py:416} INFO - Running <TaskInstance: etl_reddit_pipeline.reddit_extraction scheduled__2025-06-13T00:00:00+00:00 [running]> on host 489ee1fa7e9b
[2025-06-14T18:03:01.028+0000] {taskinstance.py:1662} INFO - Exporting env vars: AIRFLOW_CTX_DAG_OWNER='Tejaswini CN' AIRFLOW_CTX_DAG_ID='etl_reddit_pipeline' AIRFLOW_CTX_TASK_ID='reddit_extraction' AIRFLOW_CTX_EXECUTION_DATE='2025-06-13T00:00:00+00:00' AIRFLOW_CTX_TRY_NUMBER='1' AIRFLOW_CTX_DAG_RUN_ID='scheduled__2025-06-13T00:00:00+00:00'
[2025-06-14T18:03:01.160+0000] {logging_mixin.py:151} WARNING - Version 7.7.1 of praw is outdated. Version 7.8.1 was released Friday October 25, 2024.
[2025-06-14T18:03:01.161+0000] {logging_mixin.py:151} INFO - connected to reddit!
[2025-06-14T18:03:01.823+0000] {taskinstance.py:1937} ERROR - Task failed with exception
Traceback (most recent call last):
  File "/home/airflow/.local/lib/python3.9/site-packages/airflow/operators/python.py", line 192, in execute
    return_value = self.execute_callable()
  File "/home/airflow/.local/lib/python3.9/site-packages/airflow/operators/python.py", line 209, in execute_callable
    return self.python_callable(*self.op_args, **self.op_kwargs)
  File "/opt/airflow/pipelines/reddit_pipeline.py", line 10, in reddit_pipeline
    posts = extract_posts(instance, subreddit, time_filter, limit)
  File "/opt/airflow/etls/reddit_etl.py", line 31, in extract_posts
    post = {key: post_dict[key] for key in POST_FIELDS}
  File "/opt/airflow/etls/reddit_etl.py", line 31, in <dictcomp>
    post = {key: post_dict[key] for key in POST_FIELDS}
KeyError: 'self text'
[2025-06-14T18:03:01.834+0000] {taskinstance.py:1400} INFO - Marking task as FAILED. dag_id=etl_reddit_pipeline, task_id=reddit_extraction, execution_date=20250613T000000, start_date=20250614T180300, end_date=20250614T180301
[2025-06-14T18:03:01.842+0000] {standard_task_runner.py:104} ERROR - Failed to execute job 2 for task reddit_extraction ('self text'; 50)
[2025-06-14T18:03:01.887+0000] {local_task_job_runner.py:228} INFO - Task exited with return code 1
[2025-06-14T18:03:01.902+0000] {taskinstance.py:2778} INFO - 0 downstream tasks scheduled from follow-on schedule check
